<?xml version="1.0" encoding="UTF-8"?>
<!-- Generated by org.testng.reporters.JUnitReportReporter -->
<testsuite skipped="0" hostname="LKCONKWICKRAM02" name="com.automation.dialog.TestCases.TestCasePage" tests="1" failures="0" timestamp="2021-07-11T16:26:43 IST" time="31.005" errors="0">
  <testcase name="verifyWelcomepage" time="31.005" classname="com.automation.dialog.TestCases.TestCasePage"/>
  <system-out/>
</testsuite> <!-- com.automation.dialog.TestCases.TestCasePage -->
